Determining if the pthread_create exist failed with the following output:
Change Dir: /home/miguelmg/repositorios/fast_pcl/fast_pcl/build/CMakeFiles/CMakeTmp

Run Build Command:"/usr/bin/make" "cmTC_c17bc/fast"
/usr/bin/make -f CMakeFiles/cmTC_c17bc.dir/build.make CMakeFiles/cmTC_c17bc.dir/build
make[1]: Entering directory '/home/miguelmg/repositorios/fast_pcl/fast_pcl/build/CMakeFiles/CMakeTmp'
Building C object CMakeFiles/cmTC_c17bc.dir/CheckSymbolExists.c.o
/usr/bin/cc     -o CMakeFiles/cmTC_c17bc.dir/CheckSymbolExists.c.o   -c /home/miguelmg/repositorios/fast_pcl/fast_pcl/build/CMakeFiles/CMakeTmp/CheckSymbolExists.c
Linking C executable cmTC_c17bc
/usr/bin/cmake -E cmake_link_script CMakeFiles/cmTC_c17bc.dir/link.txt --verbose=1
/usr/bin/cc       CMakeFiles/cmTC_c17bc.dir/CheckSymbolExists.c.o  -o cmTC_c17bc -rdynamic 
CMakeFiles/cmTC_c17bc.dir/CheckSymbolExists.c.o: In function `main':
CheckSymbolExists.c:(.text+0x16): undefined reference to `pthread_create'
collect2: error: ld returned 1 exit status
CMakeFiles/cmTC_c17bc.dir/build.make:97: recipe for target 'cmTC_c17bc' failed
make[1]: *** [cmTC_c17bc] Error 1
make[1]: Leaving directory '/home/miguelmg/repositorios/fast_pcl/fast_pcl/build/CMakeFiles/CMakeTmp'
Makefile:126: recipe for target 'cmTC_c17bc/fast' failed
make: *** [cmTC_c17bc/fast] Error 2

File /home/miguelmg/repositorios/fast_pcl/fast_pcl/build/CMakeFiles/CMakeTmp/CheckSymbolExists.c:
/* */
#include <pthread.h>

int main(int argc, char** argv)
{
  (void)argv;
#ifndef pthread_create
  return ((int*)(&pthread_create))[argc];
#else
  (void)argc;
  return 0;
#endif
}

Determining if the function pthread_create exists in the pthreads failed with the following output:
Change Dir: /home/miguelmg/repositorios/fast_pcl/fast_pcl/build/CMakeFiles/CMakeTmp

Run Build Command:"/usr/bin/make" "cmTC_9072a/fast"
/usr/bin/make -f CMakeFiles/cmTC_9072a.dir/build.make CMakeFiles/cmTC_9072a.dir/build
make[1]: Entering directory '/home/miguelmg/repositorios/fast_pcl/fast_pcl/build/CMakeFiles/CMakeTmp'
Building C object CMakeFiles/cmTC_9072a.dir/CheckFunctionExists.c.o
/usr/bin/cc    -DCHECK_FUNCTION_EXISTS=pthread_create   -o CMakeFiles/cmTC_9072a.dir/CheckFunctionExists.c.o   -c /usr/share/cmake-3.5/Modules/CheckFunctionExists.c
Linking C executable cmTC_9072a
/usr/bin/cmake -E cmake_link_script CMakeFiles/cmTC_9072a.dir/link.txt --verbose=1
/usr/bin/cc   -DCHECK_FUNCTION_EXISTS=pthread_create    CMakeFiles/cmTC_9072a.dir/CheckFunctionExists.c.o  -o cmTC_9072a -rdynamic -lpthreads 
/usr/bin/ld: cannot find -lpthreads
collect2: error: ld returned 1 exit status
CMakeFiles/cmTC_9072a.dir/build.make:97: recipe for target 'cmTC_9072a' failed
make[1]: *** [cmTC_9072a] Error 1
make[1]: Leaving directory '/home/miguelmg/repositorios/fast_pcl/fast_pcl/build/CMakeFiles/CMakeTmp'
Makefile:126: recipe for target 'cmTC_9072a/fast' failed
make: *** [cmTC_9072a/fast] Error 2


